0 info it worked if it ends with ok
1 verbose cli [ 'node', '/usr/local/bin/npm', 'start' ]
2 info using npm@2.7.4
3 info using node@v0.12.2
4 verbose run-script [ 'prestart', 'start', 'poststart' ]
5 info prestart temporalize-api@0.1.0
6 verbose unsafe-perm in lifecycle true
7 info temporalize-api@0.1.0 Failed to exec prestart script
8 verbose stack Error: temporalize-api@0.1.0 prestart: `./material-ui/temporlize-ui/node_modules/.bin/webpack --config webpack-production.config.js --progress --colors --profile`
8 verbose stack Exit status 127
8 verbose stack     at EventEmitter.<anonymous> (/usr/local/lib/node_modules/npm/lib/utils/lifecycle.js:213:16)
8 verbose stack     at EventEmitter.emit (events.js:110:17)
8 verbose stack     at ChildProcess.<anonymous> (/usr/local/lib/node_modules/npm/lib/utils/spawn.js:14:12)
8 verbose stack     at ChildProcess.emit (events.js:110:17)
8 verbose stack     at maybeClose (child_process.js:1015:16)
8 verbose stack     at Process.ChildProcess._handle.onexit (child_process.js:1087:5)
9 verbose pkgid temporalize-api@0.1.0
10 verbose cwd /Users/Larry/Dropbox/Projects/temporalize-api
11 error Darwin 15.2.0
12 error argv "node" "/usr/local/bin/npm" "start"
13 error node v0.12.2
14 error npm  v2.7.4
15 error code ELIFECYCLE
16 error temporalize-api@0.1.0 prestart: `./material-ui/temporlize-ui/node_modules/.bin/webpack --config webpack-production.config.js --progress --colors --profile`
16 error Exit status 127
17 error Failed at the temporalize-api@0.1.0 prestart script './material-ui/temporlize-ui/node_modules/.bin/webpack --config webpack-production.config.js --progress --colors --profile'.
17 error This is most likely a problem with the temporalize-api package,
17 error not with npm itself.
17 error Tell the author that this fails on your system:
17 error     ./material-ui/temporlize-ui/node_modules/.bin/webpack --config webpack-production.config.js --progress --colors --profile
17 error You can get their info via:
17 error     npm owner ls temporalize-api
17 error There is likely additional logging output above.
18 verbose exit [ 1, true ]
